#
# A fatal error has been detected by the Java Runtime Environment:
#
#  EXCEPTION_ACCESS_VIOLATION (0xc0000005) at pc=0x00007ffc9662ebf0, pid=8128, tid=5048
#
# JRE version: OpenJDK Runtime Environment JBR-17.0.6+10-829.5-jcef (17.0.6+10) (build 17.0.6+10-b829.5)
# Java VM: OpenJDK 64-Bit Server VM JBR-17.0.6+10-829.5-jcef (17.0.6+10-b829.5, mixed mode, tiered, compressed oops, compressed class ptrs, g1 gc, windows-amd64)
# Problematic frame:
# V  [jvm.dll+0xebf0]
#
# No core dump will be written. Minidumps are not enabled by default on client versions of Windows
#
# If you would like to submit a bug report, please visit:
#   https://youtrack.jetbrains.com/issues/JBR
#

---------------  S U M M A R Y ------------

Command Line: git4idea.http.GitAskPassApp Username for 'https://github.com': 

Host: Intel(R) Core(TM) i5-8250U CPU @ 1.60GHz, 8 cores, 7G,  Windows 10 , 64 bit Build 18362 (10.0.18362.1500)
Time: Sun Sep 24 10:30:12 2023 Ô³íëÿíä³ÿ (ë³òî) elapsed time: 86918.454368 seconds (1d 0h 8m 38s)

---------------  T H R E A D  ---------------

Current thread (0x000001f547443cf0):  JavaThread "C2 CompilerThread0" daemon [_thread_in_native, id=5048, stack(0x0000003060800000,0x0000003060900000)]


Current CompileTask:
C2:86918454  884       4       sun.security.util.math.intpoly.IntegerPolynomial25519::carryReduce (639 bytes)

Stack: [0x0000003060800000,0x0000003060900000],  sp=0x00000030608fb6e0,  free space=1005k
Native frames: (J=compiled Java code, j=interpreted, Vv=VM code, C=native code)
V  [jvm.dll+0xebf0]
V  [jvm.dll+0x8065d2]
V  [jvm.dll+0x1bf5de]
V  [jvm.dll+0x1bd0c2]
V  [jvm.dll+0x21c359]
V  [jvm.dll+0x21b621]
V  [jvm.dll+0x1a4fdd]
V  [jvm.dll+0x22b098]
V  [jvm.dll+0x229159]
V  [jvm.dll+0x7f809c]
V  [jvm.dll+0x7f25fa]
V  [jvm.dll+0x682985]
C  [ucrtbase.dll+0x210b2]
C  [KERNEL32.DLL+0x17c24]
C  [ntdll.dll+0x6d721]


siginfo: EXCEPTION_ACCESS_VIOLATION (0xc0000005), reading address 0x0000000000000080


Register to memory mapping:

RIP=0x00007ffc9662ebf0 jvm.dll
RAX=0x000001f547445600 is a thread
RBX=0x000001f54682d210 points into unknown readable memory: 0x0000000000000000 | 00 00 00 00 00 00 00 00
RCX=0x0000000000000028 is an unknown value
RDX=0x0 is NULL
RSP=0x00000030608fb6e0 is pointing into the stack for thread: 0x000001f547443cf0
RBP=0x000001f547bfe0a8 points into unknown readable memory: 0x00007ffc96f4a550 | 50 a5 f4 96 fc 7f 00 00
RSI=0x00000030608fbc40 is pointing into the stack for thread: 0x000001f547443cf0
RDI=0x0000000000000028 is an unknown value
R8 =0x00000000ffffffff is an unallocated location in the heap
R9 =0x0000000000000001 is an unknown value
R10=0x0 is NULL
R11=0x3333333333333333 is an unknown value
R12=0x0000000000000001 is an unknown value
R13=0x0000000000000001 is an unknown value
R14=0x000001f547beaaa0 points into unknown readable memory: 0x00007ffc96ee7738 | 38 77 ee 96 fc 7f 00 00
R15=0x00007ffc971411b0 jvm.dll


Registers:
RAX=0x000001f547445600, RBX=0x000001f54682d210, RCX=0x0000000000000028, RDX=0x0000000000000000
RSP=0x00000030608fb6e0, RBP=0x000001f547bfe0a8, RSI=0x00000030608fbc40, RDI=0x0000000000000028
R8 =0x00000000ffffffff, R9 =0x0000000000000001, R10=0x0000000000000000, R11=0x3333333333333333
R12=0x0000000000000001, R13=0x0000000000000001, R14=0x000001f547beaaa0, R15=0x00007ffc971411b0
RIP=0x00007ffc9662ebf0, EFLAGS=0x0000000000010202

Top of Stack: (sp=0x00000030608fb6e0)
0x00000030608fb6e0:   000000000000b630 00007ffc966cbc7a
0x00000030608fb6f0:   0000000000000000 000000000000b640
0x00000030608fb700:   ffffffffffffffff 00007ffc96e265d2
0x00000030608fb710:   00000000ffffffe4 00000030608fbc40
0x00000030608fb720:   0000000000000000 0000000000000000
0x00000030608fb730:   000001f547c66550 00007ffc967df5de
0x00000030608fb740:   0000000000000007 000001f547bfbaf0
0x00000030608fb750:   0000000000000021 000001f547bfe368
0x00000030608fb760:   0000000400000001 00007ffc00000005
0x00000030608fb770:   000001f547bfe0a8 00000030608fb810
0x00000030608fb780:   0000000000000000 0000000000000000
0x00000030608fb790:   000000000000b580 000001f5475e7310
0x00000030608fb7a0:   000001f5475e7320 000001f546679710
0x00000030608fb7b0:   00000000000003d8 00000030608fb8e0
0x00000030608fb7c0:   0000000000000000 00000030608fbd20
0x00000030608fb7d0:   00000030608fbc40 00007ffc967dd0c2 

Instructions: (pc=0x00007ffc9662ebf0)
0x00007ffc9662eaf0:   c3 cc cc cc cc cc cc cc cc cc cc cc cc cc cc cc
0x00007ffc9662eb00:   48 89 5c 24 08 57 48 83 ec 20 65 48 8b 04 25 58
0x00007ffc9662eb10:   00 00 00 48 8b f9 8b 15 9c 0e bc 00 48 8b 1c d0
0x00007ffc9662eb20:   b8 50 00 00 00 80 3c 18 00 75 05 e8 10 ec 88 00
0x00007ffc9662eb30:   b8 20 00 00 00 48 8b 04 18 48 8b 90 d0 04 00 00
0x00007ffc9662eb40:   48 8b c7 48 f7 d0 48 8b 9a 80 00 00 00 48 81 c3
0x00007ffc9662eb50:   70 02 00 00 48 8b 4b 18 48 3b c1 73 16 4c 8d 05
0x00007ffc9662eb60:   bc 04 8a 00 48 8b d7 48 8b cb e8 11 d9 09 00 48
0x00007ffc9662eb70:   8b 4b 18 48 8d 04 39 48 3b 43 20 76 18 45 33 c0
0x00007ffc9662eb80:   48 8b d7 48 8b cb 48 8b 5c 24 30 48 83 c4 20 5f
0x00007ffc9662eb90:   e9 ab d6 09 00 48 89 43 18 48 8b c1 48 8b 5c 24
0x00007ffc9662eba0:   30 48 83 c4 20 5f c3 cc cc cc cc cc cc cc cc cc
0x00007ffc9662ebb0:   48 89 5c 24 08 57 48 83 ec 20 65 48 8b 04 25 58
0x00007ffc9662ebc0:   00 00 00 48 8b f9 8b 15 ec 0d bc 00 48 8b 1c d0
0x00007ffc9662ebd0:   b8 50 00 00 00 80 3c 18 00 75 05 e8 60 eb 88 00
0x00007ffc9662ebe0:   b8 20 00 00 00 48 8b 04 18 48 8b 90 d0 04 00 00
0x00007ffc9662ebf0:   48 8b 82 80 00 00 00 48 8b 98 40 03 00 00 48 89
0x00007ffc9662ec00:   b8 68 03 00 00 48 8b c7 48 f7 d0 48 8b 4b 18 48
0x00007ffc9662ec10:   3b c1 73 16 4c 8d 05 05 04 8a 00 48 8b d7 48 8b
0x00007ffc9662ec20:   cb e8 5a d8 09 00 48 8b 4b 18 48 8d 04 39 48 3b
0x00007ffc9662ec30:   43 20 76 18 45 33 c0 48 8b d7 48 8b cb 48 8b 5c
0x00007ffc9662ec40:   24 30 48 83 c4 20 5f e9 f4 d5 09 00 48 89 43 18
0x00007ffc9662ec50:   48 8b c1 48 8b 5c 24 30 48 83 c4 20 5f c3 cc cc
0x00007ffc9662ec60:   48 89 5c 24 08 48 89 74 24 10 57 48 83 ec 20 48
0x00007ffc9662ec70:   8b c2 48 8b d9 48 8b 49 18 48 f7 d0 41 8b f0 48
0x00007ffc9662ec80:   8b fa 48 3b c1 73 19 41 83 f8 01 74 3a 4c 8d 05
0x00007ffc9662ec90:   8c 03 8a 00 48 8b cb e8 e4 d7 09 00 48 8b 4b 18
0x00007ffc9662eca0:   48 8d 04 39 48 3b 43 20 76 2f 44 8b c6 48 8b d7
0x00007ffc9662ecb0:   48 8b cb 48 8b 5c 24 30 48 8b 74 24 38 48 83 c4
0x00007ffc9662ecc0:   20 5f e9 79 d5 09 00 33 c0 48 8b 5c 24 30 48 8b
0x00007ffc9662ecd0:   74 24 38 48 83 c4 20 5f c3 48 8b 74 24 38 48 89
0x00007ffc9662ece0:   43 18 48 8b c1 48 8b 5c 24 30 48 83 c4 20 5f c3 


Stack slot to memory mapping:
stack at sp + 0 slots: 0x000000000000b630 is an unknown value
stack at sp + 1 slots: 0x00007ffc966cbc7a jvm.dll
stack at sp + 2 slots: 0x0 is NULL
stack at sp + 3 slots: 0x000000000000b640 is an unknown value
stack at sp + 4 slots: 0xffffffffffffffff is an unknown value
stack at sp + 5 slots: 0x00007ffc96e265d2 jvm.dll
stack at sp + 6 slots: 0x00000000ffffffe4 is an unallocated location in the heap
stack at sp + 7 slots: 0x00000030608fbc40 is pointing into the stack for thread: 0x000001f547443cf0


---------------  P R O C E S S  ---------------

Threads class SMR info:
_java_thread_list=0x000001f5476c56a0, length=16, elements={
0x000001f52c822120, 0x000001f54684e260, 0x000001f546824220, 0x000001f54744a870,
0x000001f54744b330, 0x000001f54744bbf0, 0x000001f54744c5a0, 0x000001f547443cf0,
0x000001f547445600, 0x000001f547465280, 0x000001f547563010, 0x000001f5475c5010,
0x000001f5479d7520, 0x000001f547a27520, 0x000001f547a5b200, 0x000001f5474af220
}

Java Threads: ( => current thread )
  0x000001f52c822120 JavaThread "main" [_thread_blocked, id=13652, stack(0x000000305fb00000,0x000000305fc00000)]
  0x000001f54684e260 JavaThread "Reference Handler" daemon [_thread_blocked, id=2788, stack(0x0000003060200000,0x0000003060300000)]
  0x000001f546824220 JavaThread "Finalizer" daemon [_thread_blocked, id=23620, stack(0x0000003060300000,0x0000003060400000)]
  0x000001f54744a870 JavaThread "Signal Dispatcher" daemon [_thread_blocked, id=12480, stack(0x0000003060400000,0x0000003060500000)]
  0x000001f54744b330 JavaThread "Attach Listener" daemon [_thread_blocked, id=12420, stack(0x0000003060500000,0x0000003060600000)]
  0x000001f54744bbf0 JavaThread "Service Thread" daemon [_thread_blocked, id=26048, stack(0x0000003060600000,0x0000003060700000)]
  0x000001f54744c5a0 JavaThread "Monitor Deflation Thread" daemon [_thread_blocked, id=27440, stack(0x0000003060700000,0x0000003060800000)]
=>0x000001f547443cf0 JavaThread "C2 CompilerThread0" daemon [_thread_in_native, id=5048, stack(0x0000003060800000,0x0000003060900000)]
  0x000001f547445600 JavaThread "C1 CompilerThread0" daemon [_thread_blocked, id=2128, stack(0x0000003060900000,0x0000003060a00000)]
  0x000001f547465280 JavaThread "Sweeper thread" daemon [_thread_blocked, id=30084, stack(0x0000003060a00000,0x0000003060b00000)]
  0x000001f547563010 JavaThread "Notification Thread" daemon [_thread_blocked, id=28516, stack(0x0000003060b00000,0x0000003060c00000)]
  0x000001f5475c5010 JavaThread "Common-Cleaner" daemon [_thread_blocked, id=28128, stack(0x0000003060d00000,0x0000003060e00000)]
  0x000001f5479d7520 JavaThread "HttpClient-1-SelectorManager" daemon [_thread_in_native, id=29244, stack(0x0000003060e00000,0x0000003060f00000)]
  0x000001f547a27520 JavaThread "HttpClient-1-Worker-0" daemon [_thread_blocked, id=3436, stack(0x0000003061000000,0x0000003061100000)]
  0x000001f547a5b200 JavaThread "HttpClient-1-Worker-1" daemon [_thread_blocked, id=30668, stack(0x0000003061100000,0x0000003061200000)]
  0x000001f5474af220 JavaThread "C2 CompilerThread1" daemon [_thread_blocked, id=17220, stack(0x0000003061200000,0x0000003061300000)]

Other Threads:
  0x000001f547413330 VMThread "VM Thread" [stack: 0x0000003060100000,0x0000003060200000] [id=17980]
  0x000001f52c897ae0 WatcherThread [stack: 0x0000003060c00000,0x0000003060d00000] [id=13392]
  0x000001f52c87cda0 GCTaskThread "GC Thread#0" [stack: 0x000000305fc00000,0x000000305fd00000] [id=26404]
  0x000001f52c88d9f0 ConcurrentGCThread "G1 Main Marker" [stack: 0x000000305fd00000,0x000000305fe00000] [id=30524]
  0x000001f52c88eba0 ConcurrentGCThread "G1 Conc#0" [stack: 0x000000305fe00000,0x000000305ff00000] [id=25384]
  0x000001f52c8ddc00 ConcurrentGCThread "G1 Refine#0" [stack: 0x000000305ff00000,0x0000003060000000] [id=29228]
  0x000001f52c8de620 ConcurrentGCThread "G1 Service" [stack: 0x0000003060000000,0x0000003060100000] [id=12336]

Threads with active compile tasks:
C2 CompilerThread0  86918702  884       4       sun.security.util.math.intpoly.IntegerPolynomial25519::carryReduce (639 bytes)

VM state: not at safepoint (normal execution)

VM Mutex/Monitor currently owned by a thread: None

Heap address: 0x0000000081e00000, size: 2018 MB, Compressed Oops mode: 32-bit

CDS archive(s) not mapped
Compressed class space mapped at: 0x0000000100000000-0x0000000140000000, reserved size: 1073741824
Narrow klass base: 0x0000000000000000, Narrow klass shift: 3, Narrow klass range: 0x140000000

GC Precious Log:
 CPUs: 8 total, 8 available
 Memory: 8070M
 Large Page Support: Disabled
 NUMA Support: Disabled
 Compressed Oops: Enabled (32-bit)
 Heap Region Size: 1M
 Heap Min Capacity: 8M
 Heap Initial Capacity: 128M
 Heap Max Capacity: 2018M
 Pre-touch: Disabled
 Parallel Workers: 8
 Concurrent Workers: 2
 Concurrent Refinement Workers: 8
 Periodic GC: Disabled

Heap:
 garbage-first heap   total 131072K, used 11264K [0x0000000081e00000, 0x0000000100000000)
  region size 1024K, 13 young (13312K), 0 survivors (0K)
 Metaspace       used 15604K, committed 15744K, reserved 1064960K
  class space    used 1645K, committed 1728K, reserved 1048576K

Heap Regions: E=young(eden), S=young(survivor), O=old, HS=humongous(starts), HC=humongous(continues), CS=collection set, F=free, OA=open archive, CA=closed archive, TAMS=top-at-mark-start (previous, next)
|   0|0x0000000081e00000, 0x0000000081e00000, 0x0000000081f00000|  0%| F|  |TAMS 0x0000000081e00000, 0x0000000081e00000| Untracked 
|   1|0x0000000081f00000, 0x0000000081f00000, 0x0000000082000000|  0%| F|  |TAMS 0x0000000081f00000, 0x0000000081f00000| Untracked 
|   2|0x0000000082000000, 0x0000000082000000, 0x0000000082100000|  0%| F|  |TAMS 0x0000000082000000, 0x0000000082000000| Untracked 
|   3|0x0000000082100000, 0x0000000082100000, 0x0000000082200000|  0%| F|  |TAMS 0x0000000082100000, 0x0000000082100000| Untracked 
|   4|0x0000000082200000, 0x0000000082200000, 0x0000000082300000|  0%| F|  |TAMS 0x0000000082200000, 0x0000000082200000| Untracked 
|   5|0x0000000082300000, 0x0000000082300000, 0x0000000082400000|  0%| F|  |TAMS 0x0000000082300000, 0x0000000082300000| Untracked 
|   6|0x0000000082400000, 0x0000000082400000, 0x0000000082500000|  0%| F|  |TAMS 0x0000000082400000, 0x0000000082400000| Untracked 
|   7|0x0000000082500000, 0x0000000082500000, 0x0000000082600000|  0%| F|  |TAMS 0x0000000082500000, 0x0000000082500000| Untracked 
|   8|0x0000000082600000, 0x0000000082600000, 0x0000000082700000|  0%| F|  |TAMS 0x0000000082600000, 0x0000000082600000| Untracked 
|   9|0x0000000082700000, 0x0000000082700000, 0x0000000082800000|  0%| F|  |TAMS 0x0000000082700000, 0x0000000082700000| Untracked 
|  10|0x0000000082800000, 0x0000000082800000, 0x0000000082900000|  0%| F|  |TAMS 0x0000000082800000, 0x0000000082800000| Untracked 
|  11|0x0000000082900000, 0x0000000082900000, 0x0000000082a00000|  0%| F|  |TAMS 0x0000000082900000, 0x0000000082900000| Untracked 
|  12|0x0000000082a00000, 0x0000000082a00000, 0x0000000082b00000|  0%| F|  |TAMS 0x0000000082a00000, 0x0000000082a00000| Untracked 
|  13|0x0000000082b00000, 0x0000000082b00000, 0x0000000082c00000|  0%| F|  |TAMS 0x0000000082b00000, 0x0000000082b00000| Untracked 
|  14|0x0000000082c00000, 0x0000000082c00000, 0x0000000082d00000|  0%| F|  |TAMS 0x0000000082c00000, 0x0000000082c00000| Untracked 
|  15|0x0000000082d00000, 0x0000000082d00000, 0x0000000082e00000|  0%| F|  |TAMS 0x0000000082d00000, 0x0000000082d00000| Untracked 
|  16|0x0000000082e00000, 0x0000000082e00000, 0x0000000082f00000|  0%| F|  |TAMS 0x0000000082e00000, 0x0000000082e00000| Untracked 
|  17|0x0000000082f00000, 0x0000000082f00000, 0x0000000083000000|  0%| F|  |TAMS 0x0000000082f00000, 0x0000000082f00000| Untracked 
|  18|0x0000000083000000, 0x0000000083000000, 0x0000000083100000|  0%| F|  |TAMS 0x0000000083000000, 0x0000000083000000| Untracked 
|  19|0x0000000083100000, 0x0000000083100000, 0x0000000083200000|  0%| F|  |TAMS 0x0000000083100000, 0x0000000083100000| Untracked 
|  20|0x0000000083200000, 0x0000000083200000, 0x0000000083300000|  0%| F|  |TAMS 0x0000000083200000, 0x0000000083200000| Untracked 
|  21|0x0000000083300000, 0x0000000083300000, 0x0000000083400000|  0%| F|  |TAMS 0x0000000083300000, 0x0000000083300000| Untracked 
|  22|0x0000000083400000, 0x0000000083400000, 0x0000000083500000|  0%| F|  |TAMS 0x0000000083400000, 0x0000000083400000| Untracked 
|  23|0x0000000083500000, 0x0000000083500000, 0x0000000083600000|  0%| F|  |TAMS 0x0000000083500000, 0x0000000083500000| Untracked 
|  24|0x0000000083600000, 0x0000000083600000, 0x0000000083700000|  0%| F|  |TAMS 0x0000000083600000, 0x0000000083600000| Untracked 
|  25|0x0000000083700000, 0x0000000083700000, 0x0000000083800000|  0%| F|  |TAMS 0x0000000083700000, 0x0000000083700000| Untracked 
|  26|0x0000000083800000, 0x0000000083800000, 0x0000000083900000|  0%| F|  |TAMS 0x0000000083800000, 0x0000000083800000| Untracked 
|  27|0x0000000083900000, 0x0000000083900000, 0x0000000083a00000|  0%| F|  |TAMS 0x0000000083900000, 0x0000000083900000| Untracked 
|  28|0x0000000083a00000, 0x0000000083a00000, 0x0000000083b00000|  0%| F|  |TAMS 0x0000000083a00000, 0x0000000083a00000| Untracked 
|  29|0x0000000083b00000, 0x0000000083b00000, 0x0000000083c00000|  0%| F|  |TAMS 0x0000000083b00000, 0x0000000083b00000| Untracked 
|  30|0x0000000083c00000, 0x0000000083c00000, 0x0000000083d00000|  0%| F|  |TAMS 0x0000000083c00000, 0x0000000083c00000| Untracked 
|  31|0x0000000083d00000, 0x0000000083d00000, 0x0000000083e00000|  0%| F|  |TAMS 0x0000000083d00000, 0x0000000083d00000| Untracked 
|  32|0x0000000083e00000, 0x0000000083e00000, 0x0000000083f00000|  0%| F|  |TAMS 0x0000000083e00000, 0x0000000083e00000| Untracked 
|  33|0x0000000083f00000, 0x0000000083f00000, 0x0000000084000000|  0%| F|  |TAMS 0x0000000083f00000, 0x0000000083f00000| Untracked 
|  34|0x0000000084000000, 0x0000000084000000, 0x0000000084100000|  0%| F|  |TAMS 0x0000000084000000, 0x0000000084000000| Untracked 
|  35|0x0000000084100000, 0x0000000084100000, 0x0000000084200000|  0%| F|  |TAMS 0x0000000084100000, 0x0000000084100000| Untracked 
|  36|0x0000000084200000, 0x0000000084200000, 0x0000000084300000|  0%| F|  |TAMS 0x0000000084200000, 0x0000000084200000| Untracked 
|  37|0x0000000084300000, 0x0000000084300000, 0x0000000084400000|  0%| F|  |TAMS 0x0000000084300000, 0x0000000084300000| Untracked 
|  38|0x0000000084400000, 0x0000000084400000, 0x0000000084500000|  0%| F|  |TAMS 0x0000000084400000, 0x0000000084400000| Untracked 
|  39|0x0000000084500000, 0x0000000084500000, 0x0000000084600000|  0%| F|  |TAMS 0x0000000084500000, 0x0000000084500000| Untracked 
|  40|0x0000000084600000, 0x0000000084600000, 0x0000000084700000|  0%| F|  |TAMS 0x0000000084600000, 0x0000000084600000| Untracked 
|  41|0x0000000084700000, 0x0000000084700000, 0x0000000084800000|  0%| F|  |TAMS 0x0000000084700000, 0x0000000084700000| Untracked 
|  42|0x0000000084800000, 0x0000000084800000, 0x0000000084900000|  0%| F|  |TAMS 0x0000000084800000, 0x0000000084800000| Untracked 
|  43|0x0000000084900000, 0x0000000084900000, 0x0000000084a00000|  0%| F|  |TAMS 0x0000000084900000, 0x0000000084900000| Untracked 
|  44|0x0000000084a00000, 0x0000000084a00000, 0x0000000084b00000|  0%| F|  |TAMS 0x0000000084a00000, 0x0000000084a00000| Untracked 
|  45|0x0000000084b00000, 0x0000000084b00000, 0x0000000084c00000|  0%| F|  |TAMS 0x0000000084b00000, 0x0000000084b00000| Untracked 
|  46|0x0000000084c00000, 0x0000000084c00000, 0x0000000084d00000|  0%| F|  |TAMS 0x0000000084c00000, 0x0000000084c00000| Untracked 
|  47|0x0000000084d00000, 0x0000000084d00000, 0x0000000084e00000|  0%| F|  |TAMS 0x0000000084d00000, 0x0000000084d00000| Untracked 
|  48|0x0000000084e00000, 0x0000000084e00000, 0x0000000084f00000|  0%| F|  |TAMS 0x0000000084e00000, 0x0000000084e00000| Untracked 
|  49|0x0000000084f00000, 0x0000000084f00000, 0x0000000085000000|  0%| F|  |TAMS 0x0000000084f00000, 0x0000000084f00000| Untracked 
|  50|0x0000000085000000, 0x0000000085000000, 0x0000000085100000|  0%| F|  |TAMS 0x0000000085000000, 0x0000000085000000| Untracked 
|  51|0x0000000085100000, 0x0000000085100000, 0x0000000085200000|  0%| F|  |TAMS 0x0000000085100000, 0x0000000085100000| Untracked 
|  52|0x0000000085200000, 0x0000000085200000, 0x0000000085300000|  0%| F|  |TAMS 0x0000000085200000, 0x0000000085200000| Untracked 
|  53|0x0000000085300000, 0x0000000085300000, 0x0000000085400000|  0%| F|  |TAMS 0x0000000085300000, 0x0000000085300000| Untracked 
|  54|0x0000000085400000, 0x0000000085400000, 0x0000000085500000|  0%| F|  |TAMS 0x0000000085400000, 0x0000000085400000| Untracked 
|  55|0x0000000085500000, 0x0000000085500000, 0x0000000085600000|  0%| F|  |TAMS 0x0000000085500000, 0x0000000085500000| Untracked 
|  56|0x0000000085600000, 0x0000000085600000, 0x0000000085700000|  0%| F|  |TAMS 0x0000000085600000, 0x0000000085600000| Untracked 
|  57|0x0000000085700000, 0x0000000085700000, 0x0000000085800000|  0%| F|  |TAMS 0x0000000085700000, 0x0000000085700000| Untracked 
|  58|0x0000000085800000, 0x0000000085800000, 0x0000000085900000|  0%| F|  |TAMS 0x0000000085800000, 0x0000000085800000| Untracked 
|  59|0x0000000085900000, 0x0000000085900000, 0x0000000085a00000|  0%| F|  |TAMS 0x0000000085900000, 0x0000000085900000| Untracked 
|  60|0x0000000085a00000, 0x0000000085a00000, 0x0000000085b00000|  0%| F|  |TAMS 0x0000000085a00000, 0x0000000085a00000| Untracked 
|  61|0x0000000085b00000, 0x0000000085b00000, 0x0000000085c00000|  0%| F|  |TAMS 0x0000000085b00000, 0x0000000085b00000| Untracked 
|  62|0x0000000085c00000, 0x0000000085c00000, 0x0000000085d00000|  0%| F|  |TAMS 0x0000000085c00000, 0x0000000085c00000| Untracked 
|  63|0x0000000085d00000, 0x0000000085d00000, 0x0000000085e00000|  0%| F|  |TAMS 0x0000000085d00000, 0x0000000085d00000| Untracked 
|  64|0x0000000085e00000, 0x0000000085e00000, 0x0000000085f00000|  0%| F|  |TAMS 0x0000000085e00000, 0x0000000085e00000| Untracked 
|  65|0x0000000085f00000, 0x0000000085f00000, 0x0000000086000000|  0%| F|  |TAMS 0x0000000085f00000, 0x0000000085f00000| Untracked 
|  66|0x0000000086000000, 0x0000000086000000, 0x0000000086100000|  0%| F|  |TAMS 0x0000000086000000, 0x0000000086000000| Untracked 
|  67|0x0000000086100000, 0x0000000086100000, 0x0000000086200000|  0%| F|  |TAMS 0x0000000086100000, 0x0000000086100000| Untracked 
|  68|0x0000000086200000, 0x0000000086200000, 0x0000000086300000|  0%| F|  |TAMS 0x0000000086200000, 0x0000000086200000| Untracked 
|  69|0x0000000086300000, 0x0000000086300000, 0x0000000086400000|  0%| F|  |TAMS 0x0000000086300000, 0x0000000086300000| Untracked 
|  70|0x0000000086400000, 0x0000000086400000, 0x0000000086500000|  0%| F|  |TAMS 0x0000000086400000, 0x0000000086400000| Untracked 
|  71|0x0000000086500000, 0x0000000086500000, 0x0000000086600000|  0%| F|  |TAMS 0x0000000086500000, 0x0000000086500000| Untracked 
|  72|0x0000000086600000, 0x0000000086600000, 0x0000000086700000|  0%| F|  |TAMS 0x0000000086600000, 0x0000000086600000| Untracked 
|  73|0x0000000086700000, 0x0000000086700000, 0x0000000086800000|  0%| F|  |TAMS 0x0000000086700000, 0x0000000086700000| Untracked 
|  74|0x0000000086800000, 0x0000000086800000, 0x0000000086900000|  0%| F|  |TAMS 0x0000000086800000, 0x0000000086800000| Untracked 
|  75|0x0000000086900000, 0x0000000086900000, 0x0000000086a00000|  0%| F|  |TAMS 0x0000000086900000, 0x0000000086900000| Untracked 
|  76|0x0000000086a00000, 0x0000000086a00000, 0x0000000086b00000|  0%| F|  |TAMS 0x0000000086a00000, 0x0000000086a00000| Untracked 
|  77|0x0000000086b00000, 0x0000000086b00000, 0x0000000086c00000|  0%| F|  |TAMS 0x0000000086b00000, 0x0000000086b00000| Untracked 
|  78|0x0000000086c00000, 0x0000000086c00000, 0x0000000086d00000|  0%| F|  |TAMS 0x0000000086c00000, 0x0000000086c00000| Untracked 
|  79|0x0000000086d00000, 0x0000000086d00000, 0x0000000086e00000|  0%| F|  |TAMS 0x0000000086d00000, 0x0000000086d00000| Untracked 
|  80|0x0000000086e00000, 0x0000000086e00000, 0x0000000086f00000|  0%| F|  |TAMS 0x0000000086e00000, 0x0000000086e00000| Untracked 
|  81|0x0000000086f00000, 0x0000000086f00000, 0x0000000087000000|  0%| F|  |TAMS 0x0000000086f00000, 0x0000000086f00000| Untracked 
|  82|0x0000000087000000, 0x0000000087000000, 0x0000000087100000|  0%| F|  |TAMS 0x0000000087000000, 0x0000000087000000| Untracked 
|  83|0x0000000087100000, 0x0000000087100000, 0x0000000087200000|  0%| F|  |TAMS 0x0000000087100000, 0x0000000087100000| Untracked 
|  84|0x0000000087200000, 0x0000000087200000, 0x0000000087300000|  0%| F|  |TAMS 0x0000000087200000, 0x0000000087200000| Untracked 
|  85|0x0000000087300000, 0x0000000087300000, 0x0000000087400000|  0%| F|  |TAMS 0x0000000087300000, 0x0000000087300000| Untracked 
|  86|0x0000000087400000, 0x0000000087400000, 0x0000000087500000|  0%| F|  |TAMS 0x0000000087400000, 0x0000000087400000| Untracked 
|  87|0x0000000087500000, 0x0000000087500000, 0x0000000087600000|  0%| F|  |TAMS 0x0000000087500000, 0x0000000087500000| Untracked 
|  88|0x0000000087600000, 0x0000000087600000, 0x0000000087700000|  0%| F|  |TAMS 0x0000000087600000, 0x0000000087600000| Untracked 
|  89|0x0000000087700000, 0x0000000087700000, 0x0000000087800000|  0%| F|  |TAMS 0x0000000087700000, 0x0000000087700000| Untracked 
|  90|0x0000000087800000, 0x0000000087800000, 0x0000000087900000|  0%| F|  |TAMS 0x0000000087800000, 0x0000000087800000| Untracked 
|  91|0x0000000087900000, 0x0000000087900000, 0x0000000087a00000|  0%| F|  |TAMS 0x0000000087900000, 0x0000000087900000| Untracked 
|  92|0x0000000087a00000, 0x0000000087a00000, 0x0000000087b00000|  0%| F|  |TAMS 0x0000000087a00000, 0x0000000087a00000| Untracked 
|  93|0x0000000087b00000, 0x0000000087b00000, 0x0000000087c00000|  0%| F|  |TAMS 0x0000000087b00000, 0x0000000087b00000| Untracked 
|  94|0x0000000087c00000, 0x0000000087c00000, 0x0000000087d00000|  0%| F|  |TAMS 0x0000000087c00000, 0x0000000087c00000| Untracked 
|  95|0x0000000087d00000, 0x0000000087d00000, 0x0000000087e00000|  0%| F|  |TAMS 0x0000000087d00000, 0x0000000087d00000| Untracked 
|  96|0x0000000087e00000, 0x0000000087e00000, 0x0000000087f00000|  0%| F|  |TAMS 0x0000000087e00000, 0x0000000087e00000| Untracked 
|  97|0x0000000087f00000, 0x0000000087f00000, 0x0000000088000000|  0%| F|  |TAMS 0x0000000087f00000, 0x0000000087f00000| Untracked 
|  98|0x0000000088000000, 0x0000000088000000, 0x0000000088100000|  0%| F|  |TAMS 0x0000000088000000, 0x0000000088000000| Untracked 
|  99|0x0000000088100000, 0x0000000088100000, 0x0000000088200000|  0%| F|  |TAMS 0x0000000088100000, 0x0000000088100000| Untracked 
| 100|0x0000000088200000, 0x0000000088200000, 0x0000000088300000|  0%| F|  |TAMS 0x0000000088200000, 0x0000000088200000| Untracked 
| 101|0x0000000088300000, 0x0000000088300000, 0x0000000088400000|  0%| F|  |TAMS 0x0000000088300000, 0x0000000088300000| Untracked 
| 102|0x0000000088400000, 0x0000000088400000, 0x0000000088500000|  0%| F|  |TAMS 0x0000000088400000, 0x0000000088400000| Untracked 
| 103|0x0000000088500000, 0x0000000088500000, 0x0000000088600000|  0%| F|  |TAMS 0x0000000088500000, 0x0000000088500000| Untracked 
| 104|0x0000000088600000, 0x0000000088600000, 0x0000000088700000|  0%| F|  |TAMS 0x0000000088600000, 0x0000000088600000| Untracked 
| 105|0x0000000088700000, 0x0000000088700000, 0x0000000088800000|  0%| F|  |TAMS 0x0000000088700000, 0x0000000088700000| Untracked 
| 106|0x0000000088800000, 0x0000000088800000, 0x0000000088900000|  0%| F|  |TAMS 0x0000000088800000, 0x0000000088800000| Untracked 
| 107|0x0000000088900000, 0x0000000088900000, 0x0000000088a00000|  0%| F|  |TAMS 0x0000000088900000, 0x0000000088900000| Untracked 
| 108|0x0000000088a00000, 0x0000000088a00000, 0x0000000088b00000|  0%| F|  |TAMS 0x0000000088a00000, 0x0000000088a00000| Untracked 
| 109|0x0000000088b00000, 0x0000000088b00000, 0x0000000088c00000|  0%| F|  |TAMS 0x0000000088b00000, 0x0000000088b00000| Untracked 
| 110|0x0000000088c00000, 0x0000000088c00000, 0x0000000088d00000|  0%| F|  |TAMS 0x0000000088c00000, 0x0000000088c00000| Untracked 
| 111|0x0000000088d00000, 0x0000000088d00000, 0x0000000088e00000|  0%| F|  |TAMS 0x0000000088d00000, 0x0000000088d00000| Untracked 
| 112|0x0000000088e00000, 0x0000000088e00000, 0x0000000088f00000|  0%| F|  |TAMS 0x0000000088e00000, 0x0000000088e00000| Untracked 
| 113|0x0000000088f00000, 0x0000000088f00000, 0x0000000089000000|  0%| F|  |TAMS 0x0000000088f00000, 0x0000000088f00000| Untracked 
| 114|0x0000000089000000, 0x0000000089000000, 0x0000000089100000|  0%| F|  |TAMS 0x0000000089000000, 0x0000000089000000| Untracked 
| 115|0x0000000089100000, 0x0000000089176638, 0x0000000089200000| 46%| E|  |TAMS 0x0000000089100000, 0x0000000089100000| Complete 
| 116|0x0000000089200000, 0x0000000089300000, 0x0000000089300000|100%| E|CS|TAMS 0x0000000089200000, 0x0000000089200000| Complete 
| 117|0x0000000089300000, 0x0000000089400000, 0x0000000089400000|100%| E|CS|TAMS 0x0000000089300000, 0x0000000089300000| Complete 
| 118|0x0000000089400000, 0x0000000089500000, 0x0000000089500000|100%| E|CS|TAMS 0x0000000089400000, 0x0000000089400000| Complete 
| 119|0x0000000089500000, 0x0000000089600000, 0x0000000089600000|100%| E|CS|TAMS 0x0000000089500000, 0x0000000089500000| Complete 
| 120|0x0000000089600000, 0x0000000089700000, 0x0000000089700000|100%| E|  |TAMS 0x0000000089600000, 0x0000000089600000| Complete 
| 121|0x0000000089700000, 0x0000000089800000, 0x0000000089800000|100%| E|CS|TAMS 0x0000000089700000, 0x0000000089700000| Complete 
| 122|0x0000000089800000, 0x0000000089900000, 0x0000000089900000|100%| E|CS|TAMS 0x0000000089800000, 0x0000000089800000| Complete 
| 123|0x0000000089900000, 0x0000000089a00000, 0x0000000089a00000|100%| E|CS|TAMS 0x0000000089900000, 0x0000000089900000| Complete 
| 124|0x0000000089a00000, 0x0000000089b00000, 0x0000000089b00000|100%| E|CS|TAMS 0x0000000089a00000, 0x0000000089a00000| Complete 
| 125|0x0000000089b00000, 0x0000000089c00000, 0x0000000089c00000|100%| E|CS|TAMS 0x0000000089b00000, 0x0000000089b00000| Complete 
| 126|0x0000000089c00000, 0x0000000089d00000, 0x0000000089d00000|100%| E|CS|TAMS 0x0000000089c00000, 0x0000000089c00000| Complete 
| 127|0x0000000089d00000, 0x0000000089e00000, 0x0000000089e00000|100%| E|CS|TAMS 0x0000000089d00000, 0x0000000089d00000| Complete 

Card table byte_map: [0x000001f53f6b0000,0x000001f53fab0000] _byte_map_base: 0x000001f53f2a1000

Marking Bits (Prev, Next): (CMBitMap*) 0x000001f52c87d3b0, (CMBitMap*) 0x000001f52c87d3f0
 Prev Bits: [0x000001f53feb0000, 0x000001f541e38000)
 Next Bits: [0x000001f541e40000, 0x000001f543dc8000)

Polling page: 0x000001f52a6f0000

Metaspace:

Usage:
  Non-class:     13.63 MB used.
      Class:      1.61 MB used.
       Both:     15.24 MB used.

Virtual space:
  Non-class space:       16.00 MB reserved,      13.69 MB ( 86%) committed,  2 nodes.
      Class space:        1.00 GB reserved,       1.69 MB ( <1%) committed,  1 nodes.
             Both:        1.02 GB reserved,      15.38 MB (  1%) committed. 

Chunk freelists:
   Non-Class:  2.19 MB
       Class:  2.22 MB
        Both:  4.42 MB

MaxMetaspaceSize: unlimited
CompressedClassSpaceSize: 1.00 GB
Initial GC threshold: 21.00 MB
Current GC threshold: 21.00 MB
CDS: off
MetaspaceReclaimPolicy: balanced
 - commit_granule_bytes: 65536.
 - commit_granule_words: 8192.
 - virtual_space_node_default_size: 1048576.
 - enlarge_chunks_in_place: 1.
 - new_chunks_are_fully_committed: 0.
 - uncommit_free_chunks: 1.
 - use_allocation_guard: 0.
 - handle_deallocations: 1.


Internal statistics:

num_allocs_failed_limit: 0.
num_arena_births: 124.
num_arena_deaths: 0.
num_vsnodes_births: 3.
num_vsnodes_deaths: 0.
num_space_committed: 246.
num_space_uncommitted: 0.
num_chunks_returned_to_freelist: 0.
num_chunks_taken_from_freelist: 260.
num_chunk_merges: 0.
num_chunk_splits: 147.
num_chunks_enlarged: 89.
num_purges: 0.
num_inconsistent_stats: 0.

CodeHeap 'non-profiled nmethods': size=120000Kb used=282Kb max_used=282Kb free=119717Kb
 bounds [0x000001f537a50000, 0x000001f537cc0000, 0x000001f53ef80000]
CodeHeap 'profiled nmethods': size=120000Kb used=1500Kb max_used=1500Kb free=118500Kb
 bounds [0x000001f52ff80000, 0x000001f5301f0000, 0x000001f5374b0000]
CodeHeap 'non-nmethods': size=5760Kb used=1186Kb max_used=1201Kb free=4573Kb
 bounds [0x000001f5374b0000, 0x000001f537720000, 0x000001f537a50000]
 total_blobs=1429 nmethods=948 adapters=394
 compilation: enabled
              stopped_count=0, restarted_count=0
 full_count=0

Compilation events (20 events):
Event: 1.949 Thread 0x000001f547445600 nmethod 876 0x000001f5300c9e10 code [0x000001f5300c9fc0, 0x000001f5300ca2a8]
Event: 1.949 Thread 0x000001f547445600  877       3       sun.security.util.math.intpoly.IntegerPolynomial$MutableElement::setSum (6 bytes)
Event: 1.949 Thread 0x000001f547445600 nmethod 877 0x000001f5300ca390 code [0x000001f5300ca540, 0x000001f5300ca688]
Event: 1.949 Thread 0x000001f547445600  878       3       sun.security.util.math.intpoly.IntegerPolynomial$MutableElement::setSquare (5 bytes)
Event: 1.950 Thread 0x000001f547445600 nmethod 878 0x000001f5300ca710 code [0x000001f5300ca8c0, 0x000001f5300cab28]
Event: 1.950 Thread 0x000001f547445600  879       3       sun.security.util.math.intpoly.IntegerPolynomial$MutableElement::setSquare (22 bytes)
Event: 1.950 Thread 0x000001f547445600 nmethod 879 0x000001f5300cac10 code [0x000001f5300cadc0, 0x000001f5300cafa8]
Event: 1.950 Thread 0x000001f547445600  880       3       sun.security.util.math.intpoly.IntegerPolynomial25519::square (613 bytes)
Event: 1.951 Thread 0x000001f547445600 nmethod 880 0x000001f5300cb090 code [0x000001f5300cb240, 0x000001f5300cbac8]
Event: 1.951 Thread 0x000001f547445600  883       3       sun.security.util.math.intpoly.IntegerPolynomial::conditionalSwap (57 bytes)
Event: 1.951 Thread 0x000001f547445600 nmethod 883 0x000001f5300cbd10 code [0x000001f5300cbec0, 0x000001f5300cc0b8]
Event: 1.951 Thread 0x000001f547445600  881       3       sun.security.ec.XECOperations::cswap (9 bytes)
Event: 1.951 Thread 0x000001f547443cf0  884       4       sun.security.util.math.intpoly.IntegerPolynomial25519::carryReduce (639 bytes)
Event: 1.951 Thread 0x000001f547445600 nmethod 881 0x000001f5300cc210 code [0x000001f5300cc3c0, 0x000001f5300cc548]
Event: 1.951 Thread 0x000001f547445600  882       3       sun.security.util.math.intpoly.IntegerPolynomial$MutableElement::conditionalSwapWith (38 bytes)
Event: 1.952 Thread 0x000001f547445600 nmethod 882 0x000001f5300cc690 code [0x000001f5300cc840, 0x000001f5300cca88]
Event: 1.953 Thread 0x000001f547445600  885       3       sun.security.util.math.intpoly.IntegerPolynomial::multByInt (30 bytes)
Event: 1.956 Thread 0x000001f547445600 nmethod 885 0x000001f5300ccb90 code [0x000001f5300ccd40, 0x000001f5300ccfc8]
Event: 1.959 Thread 0x000001f547445600  886       3       java.math.BigInteger::testBit (38 bytes)
Event: 1.960 Thread 0x000001f547445600 nmethod 886 0x000001f5300cd110 code [0x000001f5300cd2c0, 0x000001f5300cd578]

GC Heap History (0 events):
No events

Dll operation events (1 events):
Event: 0.017 Loaded shared library F:\PhpStorm 2023.1\jbr\bin\java.dll

Deoptimization events (12 events):
Event: 1.466 Thread 0x000001f52c822120 Uncommon trap: trap_request=0xffffff45 fr.pc=0x000001f537a69b5c relative=0x00000000000001dc
Event: 1.466 Thread 0x000001f52c822120 Uncommon trap: reason=unstable_if action=reinterpret pc=0x000001f537a69b5c method=java.util.HashMap.putVal(ILjava/lang/Object;Ljava/lang/Object;ZZ)Ljava/lang/Object; @ 162 c2
Event: 1.466 Thread 0x000001f52c822120 DEOPT PACKING pc=0x000001f537a69b5c sp=0x000000305fbfbc20
Event: 1.466 Thread 0x000001f52c822120 DEOPT UNPACKING pc=0x000001f5375069a3 sp=0x000000305fbfbbc0 mode 2
Event: 1.598 Thread 0x000001f52c822120 Uncommon trap: trap_request=0xffffff45 fr.pc=0x000001f537a67f9c relative=0x00000000000003fc
Event: 1.598 Thread 0x000001f52c822120 Uncommon trap: reason=unstable_if action=reinterpret pc=0x000001f537a67f9c method=java.lang.StringLatin1.newString([BII)Ljava/lang/String; @ 1 c2
Event: 1.598 Thread 0x000001f52c822120 DEOPT PACKING pc=0x000001f537a67f9c sp=0x000000305fbfe890
Event: 1.598 Thread 0x000001f52c822120 DEOPT UNPACKING pc=0x000001f5375069a3 sp=0x000000305fbfe858 mode 2
Event: 1.636 Thread 0x000001f52c822120 DEOPT PACKING pc=0x000001f52ff98767 sp=0x000000305fbfe570
Event: 1.636 Thread 0x000001f52c822120 DEOPT UNPACKING pc=0x000001f537507143 sp=0x000000305fbfd990 mode 0
Event: 1.733 Thread 0x000001f52c822120 DEOPT PACKING pc=0x000001f52ff939d1 sp=0x000000305fbfcf50
Event: 1.733 Thread 0x000001f52c822120 DEOPT UNPACKING pc=0x000001f537507143 sp=0x000000305fbfc3c8 mode 0

Classes unloaded (0 events):
No events

Classes redefined (0 events):
No events

Internal exceptions (20 events):
Event: 0.750 Thread 0x000001f52c822120 Exception <a 'java/lang/NoSuchMethodError'{0x0000000089be41e8}: 'void java.lang.invoke.DirectMethodHandle$Holder.invokeStaticInit(java.lang.Object, java.lang.Object)'> (0x0000000089be41e8) 
thrown [s\src\hotspot\share\interpreter\linkResolver.cpp, line 771]
Event: 0.756 Thread 0x000001f52c822120 Exception <a 'java/lang/NoSuchMethodError'{0x0000000089bec6a0}: 'int java.lang.invoke.DirectMethodHandle$Holder.invokeStaticInit(java.lang.Object, java.lang.Object)'> (0x0000000089bec6a0) 
thrown [s\src\hotspot\share\interpreter\linkResolver.cpp, line 771]
Event: 0.886 Thread 0x000001f52c822120 Exception <a 'java/lang/NoSuchMethodError'{0x0000000089ad2ff8}: 'java.lang.Object java.lang.invoke.DirectMethodHandle$Holder.invokeStaticInit(java.lang.Object, int, int, int, int)'> (0x0000000089ad2ff8) 
thrown [s\src\hotspot\share\interpreter\linkResolver.cpp, line 771]
Event: 1.177 Thread 0x000001f52c822120 Exception <a 'java/lang/NoSuchMethodError'{0x0000000089910cd0}: 'java.lang.Object java.lang.invoke.DirectMethodHandle$Holder.invokeStaticInit(java.lang.Object, java.lang.Object, int, int, int, int)'> (0x0000000089910cd0) 
thrown [s\src\hotspot\share\interpreter\linkResolver.cpp, line 771]
Event: 1.264 Thread 0x000001f52c822120 Exception <a 'java/lang/NoSuchMethodError'{0x000000008997a288}: 'java.lang.Object java.lang.invoke.DirectMethodHandle$Holder.invokeStatic(java.lang.Object, java.lang.Object, int)'> (0x000000008997a288) 
thrown [s\src\hotspot\share\interpreter\linkResolver.cpp, line 771]
Event: 1.266 Thread 0x000001f52c822120 Exception <a 'java/lang/NoSuchMethodError'{0x000000008997da00}: 'java.lang.Object java.lang.invoke.DirectMethodHandle$Holder.invokeStaticInit(java.lang.Object, java.lang.Object, int)'> (0x000000008997da00) 
thrown [s\src\hotspot\share\interpreter\linkResolver.cpp, line 771]
Event: 1.269 Thread 0x000001f52c822120 Exception <a 'java/lang/NoSuchMethodError'{0x0000000089983db0}: 'java.lang.Object java.lang.invoke.DirectMethodHandle$Holder.newInvokeSpecial(java.lang.Object, java.lang.Object, int)'> (0x0000000089983db0) 
thrown [s\src\hotspot\share\interpreter\linkResolver.cpp, line 771]
Event: 1.281 Thread 0x000001f52c822120 Exception <a 'java/lang/NoSuchMethodError'{0x00000000899934f8}: 'int java.lang.invoke.DirectMethodHandle$Holder.invokeStaticInit(java.lang.Object, java.lang.Object, java.lang.Object)'> (0x00000000899934f8) 
thrown [s\src\hotspot\share\interpreter\linkResolver.cpp, line 771]
Event: 1.289 Thread 0x000001f52c822120 Exception <a 'java/lang/NoSuchMethodError'{0x00000000899a36d8}: 'int java.lang.invoke.DirectMethodHandle$Holder.invokeSpecial(java.lang.Object, java.lang.Object, java.lang.Object)'> (0x00000000899a36d8) 
thrown [s\src\hotspot\share\interpreter\linkResolver.cpp, line 771]
Event: 1.293 Thread 0x000001f52c822120 Exception <a 'java/lang/NoSuchMethodError'{0x00000000899abab8}: 'int java.lang.invoke.DirectMethodHandle$Holder.invokeSpecialIFC(java.lang.Object, java.lang.Object, java.lang.Object)'> (0x00000000899abab8) 
thrown [s\src\hotspot\share\interpreter\linkResolver.cpp, line 771]
Event: 1.394 Thread 0x000001f52c822120 Exception <a 'java/lang/NoSuchMethodError'{0x00000000898383f0}: 'java.lang.Object java.lang.invoke.DirectMethodHandle$Holder.invokeStaticInit(java.lang.Object)'> (0x00000000898383f0) 
thrown [s\src\hotspot\share\interpreter\linkResolver.cpp, line 771]
Event: 1.630 Thread 0x000001f52c822120 Exception <a 'java/lang/NoSuchMethodError'{0x00000000897d9698}: 'java.lang.Object java.lang.invoke.DirectMethodHandle$Holder.newInvokeSpecial(java.lang.Object, java.lang.Object, java.lang.Object, java.lang.Object, java.lang.Object)'> (0x00000000897d9698) 
thrown [s\src\hotspot\share\interpreter\linkResolver.cpp, line 771]
Event: 1.735 Thread 0x000001f52c822120 Exception <a 'java/lang/NoSuchMethodError'{0x0000000089577810}: 'java.lang.Object java.lang.invoke.DirectMethodHandle$Holder.invokeSpecial(java.lang.Object, java.lang.Object, java.lang.Object, java.lang.Object, int)'> (0x0000000089577810) 
thrown [s\src\hotspot\share\interpreter\linkResolver.cpp, line 771]
Event: 1.736 Thread 0x000001f52c822120 Exception <a 'java/lang/NoSuchMethodError'{0x000000008957b3d8}: 'java.lang.Object java.lang.invoke.Invokers$Holder.linkToTargetMethod(java.lang.Object, java.lang.Object, int, java.lang.Object)'> (0x000000008957b3d8) 
thrown [s\src\hotspot\share\interpreter\linkResolver.cpp, line 771]
Event: 1.763 Thread 0x000001f52c822120 Exception <a 'java/lang/NoSuchMethodError'{0x00000000895db140}: 'void java.lang.invoke.DirectMethodHandle$Holder.invokeSpecial(java.lang.Object, java.lang.Object, java.lang.Object)'> (0x00000000895db140) 
thrown [s\src\hotspot\share\interpreter\linkResolver.cpp, line 771]
Event: 1.805 Thread 0x000001f5479d7520 Exception <a 'java/lang/NoSuchMethodError'{0x0000000089489a70}: 'void java.lang.invoke.DirectMethodHandle$Holder.invokeStatic(java.lang.Object, java.lang.Object, int)'> (0x0000000089489a70) 
thrown [s\src\hotspot\share\interpreter\linkResolver.cpp, line 771]
Event: 1.805 Thread 0x000001f52c822120 Exception <a 'java/lang/NoSuchMethodError'{0x00000000894624a0}: 'void java.lang.invoke.DirectMethodHandle$Holder.invokeSpecial(java.lang.Object, java.lang.Object, java.lang.Object, java.lang.Object, java.lang.Object)'> (0x00000000894624a0) 
thrown [s\src\hotspot\share\interpreter\linkResolver.cpp, line 771]
Event: 1.825 Thread 0x000001f547a27520 Exception <a 'java/lang/NoSuchMethodError'{0x0000000089324270}: 'void java.lang.invoke.DirectMethodHandle$Holder.invokeInterface(java.lang.Object, java.lang.Object, java.lang.Object)'> (0x0000000089324270) 
thrown [s\src\hotspot\share\interpreter\linkResolver.cpp, line 771]
Event: 1.832 Thread 0x000001f547a27520 Exception <a 'java/lang/NoSuchMethodError'{0x000000008933a758}: 'int java.lang.invoke.DirectMethodHandle$Holder.invokeStaticInit(java.lang.Object, int, int)'> (0x000000008933a758) 
thrown [s\src\hotspot\share\interpreter\linkResolver.cpp, line 771]
Event: 1.848 Thread 0x000001f547a27520 Exception <a 'java/lang/NoSuchMethodError'{0x000000008937d1c8}: 'void java.lang.invoke.DirectMethodHandle$Holder.invokeVirtual(java.lang.Object, java.lang.Object)'> (0x000000008937d1c8) 
thrown [s\src\hotspot\share\interpreter\linkResolver.cpp, line 771]

VM Operations (12 events):
Event: 0.342 Executing VM operation: HandshakeAllThreads
Event: 0.342 Executing VM operation: HandshakeAllThreads done
Event: 0.377 Executing VM operation: HandshakeAllThreads
Event: 0.377 Executing VM operation: HandshakeAllThreads done
Event: 0.928 Executing VM operation: HandshakeAllThreads
Event: 0.928 Executing VM operation: HandshakeAllThreads done
Event: 1.404 Executing VM operation: HandshakeAllThreads
Event: 1.404 Executing VM operation: HandshakeAllThreads done
Event: 1.404 Executing VM operation: Cleanup
Event: 1.404 Executing VM operation: Cleanup done
Event: 86916.729 Executing VM operation: Cleanup
Event: 86918.077 Executing VM operation: Cleanup done

Events (20 events):
Event: 1.963 loading class java/security/interfaces/XECKey
Event: 1.963 loading class java/security/interfaces/XECKey done
Event: 1.963 loading class java/security/interfaces/XECPublicKey done
Event: 1.964 loading class sun/security/x509/X509Key
Event: 1.965 loading class sun/security/x509/X509Key done
Event: 86916.320 loading class sun/security/util/BitArray
Event: 86918.076 loading class sun/security/util/BitArray done
Event: 86918.079 loading class java/security/interfaces/XECPrivateKey
Event: 86918.079 loading class java/security/interfaces/XECPrivateKey done
Event: 86918.079 loading class sun/security/pkcs/PKCS8Key
Event: 86918.087 loading class sun/security/pkcs/PKCS8Key done
Event: 86918.087 loading class sun/security/util/DerValue
Event: 86918.093 loading class sun/security/util/DerValue done
Event: 86918.094 loading class sun/security/util/DerInputStream
Event: 86918.095 loading class sun/security/util/DerInputStream done
Event: 86918.097 loading class sun/security/ssl/XDHKeyExchange$1
Event: 86918.097 loading class sun/security/ssl/XDHKeyExchange$1 done
Event: 86918.097 loading class sun/security/ssl/KeyShareExtension$KeyShareEntry
Event: 86918.099 loading class sun/security/ssl/KeyShareExtension$KeyShareEntry done
Event: 86918.099 loading class sun/security/ssl/ECDHKeyExchange$ECDHEPossession


Dynamic libraries:
0x00007ff76c3a0000 - 0x00007ff76c3aa000 	F:\PhpStorm 2023.1\jbr\bin\java.exe
0x00007ffd119c0000 - 0x00007ffd11bb0000 	C:\WINDOWS\SYSTEM32\ntdll.dll
0x00007ffce4610000 - 0x00007ffce4629000 	C:\Program Files\AVAST Software\Avast\aswhook.dll
0x00007ffd11460000 - 0x00007ffd11512000 	C:\WINDOWS\System32\KERNEL32.DLL
0x00007ffd0f610000 - 0x00007ffd0f8b5000 	C:\WINDOWS\System32\KERNELBASE.dll
0x00007ffd0f8e0000 - 0x00007ffd0f9da000 	C:\WINDOWS\System32\ucrtbase.dll
0x00007ffcf5ea0000 - 0x00007ffcf5ebb000 	F:\PhpStorm 2023.1\jbr\bin\VCRUNTIME140.dll
0x00007ffd01a20000 - 0x00007ffd01a37000 	F:\PhpStorm 2023.1\jbr\bin\jli.dll
0x00007ffd0fa70000 - 0x00007ffd0fc04000 	C:\WINDOWS\System32\USER32.dll
0x00007ffcf9be0000 - 0x00007ffcf9e64000 	C:\WINDOWS\WinSxS\amd64_microsoft.windows.common-controls_6595b64144ccf1df_6.0.18362.1500_none_9e79be6de462295c\COMCTL32.dll
0x00007ffd0fa40000 - 0x00007ffd0fa61000 	C:\WINDOWS\System32\win32u.dll
0x00007ffd112f0000 - 0x00007ffd1138e000 	C:\WINDOWS\System32\msvcrt.dll
0x00007ffd106e0000 - 0x00007ffd10706000 	C:\WINDOWS\System32\GDI32.dll
0x00007ffd11520000 - 0x00007ffd11856000 	C:\WINDOWS\System32\combase.dll
0x00007ffd0eb40000 - 0x00007ffd0ecd8000 	C:\WINDOWS\System32\gdi32full.dll
0x00007ffd107f0000 - 0x00007ffd1090f000 	C:\WINDOWS\System32\RPCRT4.dll
0x00007ffd0ece0000 - 0x00007ffd0ed7e000 	C:\WINDOWS\System32\msvcp_win.dll
0x00007ffd0f580000 - 0x00007ffd0f601000 	C:\WINDOWS\System32\bcryptPrimitives.dll
0x00007ffd11860000 - 0x00007ffd1188e000 	C:\WINDOWS\System32\IMM32.DLL
0x00007ffd048b0000 - 0x00007ffd048bc000 	F:\PhpStorm 2023.1\jbr\bin\vcruntime140_1.dll
0x00007ffcc81b0000 - 0x00007ffcc823d000 	F:\PhpStorm 2023.1\jbr\bin\msvcp140.dll
0x00007ffc96620000 - 0x00007ffc9728d000 	F:\PhpStorm 2023.1\jbr\bin\server\jvm.dll
0x00007ffd10730000 - 0x00007ffd107d3000 	C:\WINDOWS\System32\ADVAPI32.dll
0x00007ffd105e0000 - 0x00007ffd10677000 	C:\WINDOWS\System32\sechost.dll
0x00007ffcf3380000 - 0x00007ffcf3389000 	C:\WINDOWS\SYSTEM32\WSOCK32.dll
0x00007ffd09390000 - 0x00007ffd093b4000 	C:\WINDOWS\SYSTEM32\WINMM.dll
0x00007ffd05220000 - 0x00007ffd0522a000 	C:\WINDOWS\SYSTEM32\VERSION.dll
0x00007ffd10b30000 - 0x00007ffd10b9f000 	C:\WINDOWS\System32\WS2_32.dll
0x00007ffd08f00000 - 0x00007ffd08f2d000 	C:\WINDOWS\SYSTEM32\WINMMBASE.dll
0x00007ffd0ed80000 - 0x00007ffd0edca000 	C:\WINDOWS\System32\cfgmgr32.dll
0x00007ffd0e910000 - 0x00007ffd0e921000 	C:\WINDOWS\System32\kernel.appcore.dll
0x00007ffd065c0000 - 0x00007ffd065ca000 	F:\PhpStorm 2023.1\jbr\bin\jimage.dll
0x00007ffd09f70000 - 0x00007ffd0a164000 	C:\WINDOWS\SYSTEM32\DBGHELP.DLL
0x00007ffd01f60000 - 0x00007ffd01f8a000 	C:\WINDOWS\SYSTEM32\dbgcore.DLL
0x00007ffd018d0000 - 0x00007ffd018f5000 	F:\PhpStorm 2023.1\jbr\bin\java.dll
0x00007ffd018b0000 - 0x00007ffd018c8000 	F:\PhpStorm 2023.1\jbr\bin\zip.dll
0x00007ffd0fef0000 - 0x00007ffd105d8000 	C:\WINDOWS\System32\SHELL32.dll
0x00007ffd0fdc0000 - 0x00007ffd0fe67000 	C:\WINDOWS\System32\shcore.dll
0x00007ffd0edd0000 - 0x00007ffd0f54b000 	C:\WINDOWS\System32\windows.storage.dll
0x00007ffd0e880000 - 0x00007ffd0e89e000 	C:\WINDOWS\System32\profapi.dll
0x00007ffd0e8a0000 - 0x00007ffd0e8ea000 	C:\WINDOWS\System32\powrprof.dll
0x00007ffd0e870000 - 0x00007ffd0e880000 	C:\WINDOWS\System32\UMPDC.dll
0x00007ffd11920000 - 0x00007ffd11972000 	C:\WINDOWS\System32\shlwapi.dll
0x00007ffd0f8c0000 - 0x00007ffd0f8d7000 	C:\WINDOWS\System32\cryptsp.dll
0x00007ffcf7920000 - 0x00007ffcf7939000 	F:\PhpStorm 2023.1\jbr\bin\net.dll
0x00007ffcf98a0000 - 0x00007ffcf999a000 	C:\WINDOWS\SYSTEM32\WINHTTP.dll
0x00007ffd0e060000 - 0x00007ffd0e0c7000 	C:\WINDOWS\system32\mswsock.dll
0x00007ffcf7080000 - 0x00007ffcf7096000 	F:\PhpStorm 2023.1\jbr\bin\nio.dll
0x00007ffd0db90000 - 0x00007ffd0dbc3000 	C:\WINDOWS\system32\rsaenh.dll
0x00007ffd0f550000 - 0x00007ffd0f576000 	C:\WINDOWS\System32\bcrypt.dll
0x00007ffd0e790000 - 0x00007ffd0e7b5000 	C:\WINDOWS\SYSTEM32\USERENV.dll
0x00007ffd0e1e0000 - 0x00007ffd0e1ec000 	C:\WINDOWS\SYSTEM32\CRYPTBASE.dll
0x00007ffd0dd80000 - 0x00007ffd0ddba000 	C:\WINDOWS\SYSTEM32\IPHLPAPI.DLL
0x00007ffd11910000 - 0x00007ffd11918000 	C:\WINDOWS\System32\NSI.dll
0x00007ffd01d00000 - 0x00007ffd01d16000 	C:\WINDOWS\SYSTEM32\dhcpcsvc6.DLL
0x00007ffd01ce0000 - 0x00007ffd01cfc000 	C:\WINDOWS\SYSTEM32\dhcpcsvc.DLL
0x00007ffd0ddc0000 - 0x00007ffd0de8b000 	C:\WINDOWS\SYSTEM32\DNSAPI.dll
0x00007ffd04c50000 - 0x00007ffd04c5e000 	F:\PhpStorm 2023.1\jbr\bin\sunmscapi.dll
0x00007ffd0e930000 - 0x00007ffd0ea81000 	C:\WINDOWS\System32\CRYPT32.dll
0x00007ffd0e8f0000 - 0x00007ffd0e902000 	C:\WINDOWS\System32\MSASN1.dll
0x00007ffd0e390000 - 0x00007ffd0e3b6000 	C:\WINDOWS\SYSTEM32\ncrypt.dll
0x00007ffd0e350000 - 0x00007ffd0e38b000 	C:\WINDOWS\SYSTEM32\NTASN1.dll
0x00007ffd04be0000 - 0x00007ffd04be7000 	C:\WINDOWS\system32\wshunix.dll

dbghelp: loaded successfully - version: 4.0.5 - missing functions: none
symbol engine: initialized successfully - sym options: 0x614 - pdb path: .;F:\PhpStorm 2023.1\jbr\bin;C:\WINDOWS\SYSTEM32;C:\Program Files\AVAST Software\Avast;C:\WINDOWS\WinSxS\amd64_microsoft.windows.common-controls_6595b64144ccf1df_6.0.18362.1500_none_9e79be6de462295c;F:\PhpStorm 2023.1\jbr\bin\server

VM Arguments:
java_command: git4idea.http.GitAskPassApp Username for 'https://github.com': 
java_class_path (initial): F:/PhpStorm 2023.1/plugins/vcs-git/lib/git4idea-rt.jar;F:/PhpStorm 2023.1/lib/externalProcess-rt.jar
Launcher Type: SUN_STANDARD

[Global flags]
     intx CICompilerCount                          = 4                                         {product} {ergonomic}
     uint ConcGCThreads                            = 2                                         {product} {ergonomic}
     uint G1ConcRefinementThreads                  = 8                                         {product} {ergonomic}
   size_t G1HeapRegionSize                         = 1048576                                   {product} {ergonomic}
    uintx GCDrainStackTargetSize                   = 64                                        {product} {ergonomic}
   size_t InitialHeapSize                          = 134217728                                 {product} {ergonomic}
   size_t MarkStackSize                            = 4194304                                   {product} {ergonomic}
   size_t MaxHeapSize                              = 2116026368                                {product} {ergonomic}
   size_t MaxNewSize                               = 1268776960                                {product} {ergonomic}
   size_t MinHeapDeltaBytes                        = 1048576                                   {product} {ergonomic}
   size_t MinHeapSize                              = 8388608                                   {product} {ergonomic}
    uintx NonNMethodCodeHeapSize                   = 5839372                                {pd product} {ergonomic}
    uintx NonProfiledCodeHeapSize                  = 122909434                              {pd product} {ergonomic}
    uintx ProfiledCodeHeapSize                     = 122909434                              {pd product} {ergonomic}
    uintx ReservedCodeCacheSize                    = 251658240                              {pd product} {ergonomic}
     bool SegmentedCodeCache                       = true                                      {product} {ergonomic}
   size_t SoftMaxHeapSize                          = 2116026368                             {manageable} {ergonomic}
     bool UseCompressedClassPointers               = true                           {product lp64_product} {ergonomic}
     bool UseCompressedOops                        = true                           {product lp64_product} {ergonomic}
     bool UseG1GC                                  = true                                      {product} {ergonomic}
     bool UseLargePagesIndividualAllocation        = false                                  {pd product} {ergonomic}

Logging:
Log output configuration:
 #0: stdout all=warning uptime,level,tags
 #1: stderr all=off uptime,level,tags

Environment Variables:
PATH=C:/Program Files/Git/mingw64/libexec/git-core;C:/Program Files/Git/mingw64/libexec/git-core;C:\Program Files\Git\mingw64\bin;C:\Program Files\Git\usr\bin;C:\Users\admin\bin;C:\Program Files (x86)\Common Files\Oracle\Java\javapath;C:\Windows\system32;C:\Windows;C:\Windows\System32\Wbem;C:\Windows\System32\WindowsPowerShell\v1.0\;C:\Windows\System32\OpenSSH\;C:\Program Files (x86)\NVIDIA Corporation\PhysX\Common;C:\Program Files\NVIDIA Corporation\NVIDIA NvDLISR;C:\WINDOWS\system32;C:\WINDOWS;C:\WINDOWS\System32\Wbem;C:\WINDOWS\System32\WindowsPowerShell\v1.0\;C:\WINDOWS\System32\OpenSSH\;C:\Program Files\nodejs\;C:\Program Files\Git\cmd;C:\Users\admin\AppData\Local\Microsoft\WindowsApps;F:\Microsoft VS Code\bin;C:\Users\admin\AppData\Roaming\npm
USERNAME=admin
DISPLAY=:0.0
LC_ALL=en_US.UTF-8
TERM=xterm-256color
TMPDIR=C:\Users\admin\AppData\Local\Temp
OS=Windows_NT
PROCESSOR_IDENTIFIER=Intel64 Family 6 Model 142 Stepping 10, GenuineIntel
TMP=C:\Users\admin\AppData\Local\Temp
TEMP=C:\Users\admin\AppData\Local\Temp



---------------  S Y S T E M  ---------------

OS:
 Windows 10 , 64 bit Build 18362 (10.0.18362.1500)
OS uptime: 50 days 16:23 hours
Hyper-V role detected

CPU: total 8 (initial active 8) (4 cores per cpu, 2 threads per core) family 6 model 142 stepping 10 microcode 0xe0, cx8, cmov, fxsr, ht, mmx, 3dnowpref, sse, sse2, sse3, ssse3, sse4.1, sse4.2, popcnt, lzcnt, tsc, tscinvbit, avx, avx2, aes, erms, clmul, bmi1, bmi2, adx, fma, vzeroupper, clflush, clflushopt, hv

Memory: 4k page, system-wide physical 8070M (540M free)
TotalPageFile size 23595M (AvailPageFile size 2787M)
current process WorkingSet (physical memory assigned to process): 65M, peak: 65M
current process commit charge ("private bytes"): 221M, peak: 221M

vm_info: OpenJDK 64-Bit Server VM (17.0.6+10-b829.5) for windows-amd64 JRE (17.0.6+10-b829.5), built on 2023-02-24 by "builduser" with MS VC++ 16.10 / 16.11 (VS2019)

END.
